UTC: 5-Apr-2019 20:01:52  
App Name/Ver: iRacing.com Simulator 64-bit DX11 2.31.3.16
App timestamp: 0x5CA50CCB 
Offset: 0x0000000140AD443A  
Exception: 0xC0000005  (STATUS_ACCESS_VIOLATION)

version_system.txt: 2019.04.03.02
session: 109496114   subSession: 26655306
name:'Martynas Mickevicius' custID:368810 role:driver cIdx:12 playerEIdx:12 driverInfoEIdx:12
mode: web-launched
track: lagunaseca
session's cars: mx5\mx52016 safety\pcporsche911cup 
new collision: false

stack @ 0x0000000000BFD1C0 
App Base=0x0000000140000000
Warning: Trace may contain false entries...
	0x0000000140AFAB04 @ +0x0068
	0x0000000140B0D195 @ +0x00A8
	0x0000000140B0C654 @ +0x00D8
	0x0000000140ADF270 @ +0x0158
	0x0000000140ACF6FA @ +0x01D8
	0x00000001409F8710 @ +0x0278
	0x0000000140ACF691 @ +0x0298
	0x0000000140ADFEFA @ +0x02A8
	0x000000014067767B @ +0x0388
	0x0000000140ACF6FA @ +0x03E8
	0x0000000140C36964 @ +0x0418
	0x0000000140676F52 @ +0x0728
	0x000000014067634E @ +0x0798
	0x000000014096883E @ +0x1418
	0x000000014095CFA0 @ +0x1648
	0x000000014095CA42 @ +0x16A8
	0x00000001409B8130 @ +0x1708
	0x0000000140BD76AC @ +0x1758
	0x0000000140BD7F7F @ +0x1788
	0x0000000140BE01BA @ +0x1798
	0x0000000140BDF749 @ +0x17C8
	0x000000014076ACA9 @ +0x18B8
	0x00000001404E0EA7 @ +0x19F8
	0x000000014004B73B @ +0x1A68
	0x0000000140BD7F48 @ +0x1BD8
	0x0000000140BD8933 @ +0x1C18
	0x000000014066E277 @ +0x1C58
	0x0000000140AC27B3 @ +0x1CB8
	0x00000001404F96F8 @ +0x27F8
	0x00000001404F966B @ +0x2828
	0x00000001404F6574 @ +0x2858
	0x00000001404F754B @ +0x2888
	0x00000001404F96F8 @ +0x29D8
	0x00000001404E44C8 @ +0x2A08
	0x00000001404E8CE8 @ +0x2AD8
	0x00000001404E1059 @ +0x2B38
	0x00000001404E0F88 @ +0x2B98
	0x0000000140C17BAE @ +0x2BD8
	0x00000001404F96F8 @ +0x2C18
	0x00000001404F966B @ +0x2C48
	0x0000000140BA8600 @ +0x2C58
	0x00000001404E111B @ +0x2C78
	0x00000001404E0075 @ +0x2C88
	0x00000001404F252C @ +0x2CA8
	0x00000001404E0191 @ +0x2CC8
	0x0000000140504E7E @ +0x2CF8
	0x00000001404E8944 @ +0x2D28
	0x00000001404E87E8 @ +0x2D88
Finished
Exception Module: C:\Program Files (x86)\Steam\steamapps\common\iRacing\iRacingSim64DX11.exe
